\BOOKMARK [0][-]{chapter*.3}{\376\377\000I\000n\000t\000r\000o\000d\000u\000c\000t\000i\000o\000n}{}% 1
\BOOKMARK [1][-]{section*.4}{\376\377\000S\000t\000a\000r\000t\000i\000n\000g\000\040\000R\000e\000v\000i\000t}{chapter*.3}% 2
\BOOKMARK [1][-]{section*.5}{\376\377\000G\000e\000t\000t\000i\000n\000g\000\040\000a\000d\000j\000u\000s\000t\000e\000d\000\040\000t\000o\000\040\000R\000e\000v\000i\000t}{chapter*.3}% 3
\BOOKMARK [1][-]{section*.6}{\376\377\000S\000t\000a\000r\000t\000i\000n\000g\000\040\000y\000o\000u\000r\000\040\000f\000i\000r\000s\000t\000\040\000p\000r\000o\000j\000e\000c\000t\000,\000\040\000a\000n\000d\000\040\000a\000n\000\040\000i\000n\000t\000r\000o\000d\000u\000c\000t\000i\000o\000n\000\040\000t\000o\000\040\000R\000e\000v\000i\000t\000'\000s\000\040\000i\000n\000t\000e\000r\000f\000a\000c\000e}{chapter*.3}% 4
\BOOKMARK [1][-]{section*.7}{\376\377\000E\000l\000e\000m\000e\000n\000t\000s\000\040\000o\000f\000\040\000t\000h\000e\000\040\000R\000e\000v\000i\000t\000\040\000I\000n\000t\000e\000r\000f\000a\000c\000e}{chapter*.3}% 5
\BOOKMARK [0][-]{chapter*.8}{\376\377\000C\000h\000a\000p\000t\000e\000r\000\040\0001\000\040\000-\000\040\000C\000r\000e\000a\000t\000i\000n\000g\000\040\000Y\000o\000u\000r\000\040\000H\000o\000u\000s\000e}{}% 6
\BOOKMARK [1][-]{section*.9}{\376\377\000S\000e\000l\000e\000c\000t\000i\000n\000g\000\040\000a\000n\000d\000\040\000C\000r\000e\000a\000t\000i\000n\000g\000\040\000E\000l\000e\000v\000a\000t\000i\000o\000n\000s}{chapter*.8}% 7
\BOOKMARK [1][-]{section*.10}{\376\377\000C\000r\000e\000a\000t\000i\000n\000g\000\040\000a\000d\000d\000i\000t\000i\000o\000n\000a\000l\000\040\000e\000l\000e\000v\000a\000t\000i\000o\000n\000s}{chapter*.8}% 8
\BOOKMARK [0][-]{chapter*.11}{\376\377\000C\000h\000a\000p\000t\000e\000r\000\040\0002\000\040\000-\000\040\000C\000r\000e\000a\000t\000i\000n\000g\000\040\000t\000h\000e\000\040\000B\000a\000s\000e\000\040\000o\000f\000\040\000t\000h\000e\000\040\000H\000o\000u\000s\000e}{}% 9
\BOOKMARK [1][-]{section*.12}{\376\377\000C\000r\000e\000a\000t\000i\000n\000g\000\040\000t\000h\000e\000\040\000R\000e\000t\000a\000i\000n\000i\000n\000g\000\040\000W\000a\000l\000l\000s}{chapter*.11}% 10
\BOOKMARK [1][-]{section*.13}{\376\377\000C\000r\000e\000a\000t\000i\000n\000g\000\040\000y\000o\000u\000r\000\040\000F\000o\000u\000n\000d\000a\000t\000i\000o\000n\000\040\000W\000a\000l\000l\000s}{chapter*.11}% 11
\BOOKMARK [0][-]{chapter*.14}{\376\377\000C\000h\000a\000p\000t\000e\000r\000\040\0003\000\040\000-\000\040\000C\000r\000e\000a\000t\000i\000n\000g\000\040\000t\000h\000e\000\040\000T\000e\000r\000r\000a\000i\000n}{}% 12
\BOOKMARK [1][-]{section*.15}{\376\377\000A\000d\000d\000i\000n\000g\000\040\000a\000\040\000T\000o\000p\000o\000s\000u\000r\000f\000a\000c\000e}{chapter*.14}% 13
\BOOKMARK [1][-]{section*.16}{\376\377\000S\000e\000t\000t\000i\000n\000g\000\040\000u\000p\000\040\000a\000\040\000B\000u\000i\000l\000d\000i\000n\000g\000\040\000P\000a\000d}{chapter*.14}% 14
\BOOKMARK [1][-]{section*.17}{\376\377\000C\000r\000e\000a\000t\000i\000n\000g\000\040\000a\000\040\0003\000D\000\040\000v\000i\000e\000w}{chapter*.14}% 15
\BOOKMARK [0][-]{chapter*.18}{\376\377\000C\000h\000a\000p\000t\000e\000r\000\040\0004\000\040\000-\000\040\000C\000r\000e\000a\000t\000i\000n\000g\000\040\000E\000x\000t\000e\000r\000i\000o\000r\000\040\000W\000a\000l\000l\000s\000,\000\040\000F\000l\000o\000o\000r\000s\000,\000\040\000a\000n\000d\000\040\000R\000o\000o\000f\000s}{}% 16
\BOOKMARK [1][-]{section*.19}{\376\377\000C\000r\000e\000a\000t\000i\000n\000g\000\040\000E\000x\000t\000e\000r\000i\000o\000r\000\040\000w\000a\000l\000l\000s}{chapter*.18}% 17
\BOOKMARK [1][-]{section*.22}{\376\377\000C\000r\000e\000a\000t\000i\000n\000g\000\040\000a\000\040\000R\000o\000o\000f}{chapter*.18}% 18
\BOOKMARK [1][-]{section*.25}{\376\377\000C\000r\000e\000a\000t\000i\000n\000g\000\040\000F\000l\000o\000o\000r\000s}{chapter*.18}% 19
\BOOKMARK [0][-]{chapter*.29}{\376\377\000C\000h\000a\000p\000t\000e\000r\000\040\0005\000\040\000-\000\040\000C\000r\000e\000a\000t\000i\000n\000g\000\040\000I\000n\000t\000e\000r\000i\000o\000r\000\040\000W\000a\000l\000l\000s}{}% 20
\BOOKMARK [1][-]{section*.30}{\376\377\000C\000r\000e\000a\000t\000i\000n\000g\000\040\000L\000o\000w\000e\000r\000\040\000L\000e\000v\000e\000l\000\040\000I\000n\000t\000e\000r\000i\000o\000r\000\040\000W\000a\000l\000l\000s}{chapter*.29}% 21
\BOOKMARK [1][-]{section*.31}{\376\377\000C\000r\000e\000a\000t\000i\000n\000g\000\040\000t\000h\000e\000\040\000E\000n\000t\000r\000y\000\040\000L\000e\000v\000e\000l\000\040\000W\000a\000l\000l\000s}{chapter*.29}% 22
\BOOKMARK [0][-]{chapter*.32}{\376\377\000C\000h\000a\000p\000t\000e\000r\000\040\0006\000\040\000-\000\040\000C\000r\000e\000a\000t\000i\000n\000g\000\040\000D\000o\000o\000r\000s\000\040\000a\000n\000d\000\040\000W\000i\000n\000d\000o\000w\000s}{}% 23
\BOOKMARK [1][-]{section*.33}{\376\377\000A\000d\000d\000i\000n\000g\000\040\000E\000x\000t\000e\000r\000i\000o\000r\000\040\000D\000o\000o\000r\000s}{chapter*.32}% 24
\BOOKMARK [1][-]{section*.37}{\376\377\000A\000d\000d\000i\000n\000g\000\040\000I\000n\000t\000e\000r\000i\000o\000r\000\040\000D\000o\000o\000r\000s}{chapter*.32}% 25
\BOOKMARK [1][-]{section*.40}{\376\377\000A\000d\000d\000i\000n\000g\000\040\000W\000i\000n\000d\000o\000w\000s}{chapter*.32}% 26
\BOOKMARK [0][-]{chapter*.43}{\376\377\000C\000h\000a\000p\000t\000e\000r\000\040\0007\000\040\000-\000\040\000C\000r\000e\000a\000t\000i\000n\000g\000\040\000a\000\040\000C\000u\000r\000t\000a\000i\000n\000\040\000W\000a\000l\000l\000,\000\040\000C\000o\000n\000n\000e\000c\000t\000e\000d\000\040\000W\000a\000l\000l\000s\000,\000\040\000a\000n\000d\000\040\000E\000n\000t\000r\000y\000\040\000D\000e\000c\000k}{}% 27
\BOOKMARK [1][-]{section*.44}{\376\377\000C\000r\000e\000a\000t\000i\000n\000g\000\040\000a\000\040\000C\000u\000r\000t\000a\000i\000n\000\040\000W\000a\000l\000l}{chapter*.43}% 28
\BOOKMARK [1][-]{section*.46}{\376\377\000A\000t\000t\000a\000c\000h\000i\000n\000g\000\040\000W\000a\000l\000l\000s\000\040\000t\000o\000\040\000t\000h\000e\000\040\000R\000o\000o\000f}{chapter*.43}% 29
\BOOKMARK [1][-]{section*.47}{\376\377\000C\000r\000e\000a\000t\000i\000n\000g\000\040\000t\000h\000e\000\040\000E\000n\000t\000r\000y\000\040\000D\000e\000c\000k}{chapter*.43}% 30
\BOOKMARK [0][-]{chapter*.52}{\376\377\000C\000h\000a\000p\000t\000e\000r\000\040\0008\000\040\000C\000r\000e\000a\000t\000i\000n\000g\000\040\000S\000t\000a\000i\000r\000s\000\040\000a\000n\000d\000\040\000R\000a\000i\000l\000i\000n\000g\000s}{}% 31
\BOOKMARK [1][-]{section*.53}{\376\377\000C\000r\000e\000a\000t\000i\000n\000g\000\040\000S\000t\000a\000i\000r\000s}{chapter*.52}% 32
\BOOKMARK [1][-]{section*.54}{\376\377\000C\000r\000e\000a\000t\000i\000n\000g\000\040\000R\000a\000i\000l\000i\000n\000g}{chapter*.52}% 33
\BOOKMARK [0][-]{chapter*.55}{\376\377\000B\000i\000b\000l\000i\000o\000g\000r\000a\000p\000h\000y}{}% 34
